*** Start analyzing build configuration ***
INFO: Auto-config - Scanning: C:\Users\User\Documents\smart-lighting-system\smart-lighting-system
INFO: Auto-config - VLOG: C:\Users\User\Documents\smart-lighting-system\smart-lighting-system
INFO: Auto-config - Wrote:
    .dvt\default.build.auto.1
*** List of included argument files ***
    Build configuration file:  C:\Users\User\Documents\smart-lighting-system\smart-lighting-system\.dvt\default.build
    -f c:\Users\User\Documents\smart-lighting-system\smart-lighting-system\.dvt\default.build.auto.1
*** List of invocations ***
Invocation #1 +dvt_init+dvt in c:\Users\User\Documents\smart-lighting-system\smart-lighting-system\.dvt\default.build.auto.1 at line 9
*** Done analyzing build configuration [314 ms] ***

*** Start SystemVerilog build ***
*** Invocation #1***
Loading (1) C:\Users\User\Documents\smart-lighting-system\smart-lighting-system\src\modules\controladora.sv ...
Done C:\Users\User\Documents\smart-lighting-system\smart-lighting-system\src\modules\controladora.sv [19 ms, 13 lines, SystemVerilog_2012] ...
Loading (2) C:\Users\User\Documents\smart-lighting-system\smart-lighting-system\src\modules\maquina_principal.sv ...
*** Done invocation #1 [25 ms] ***
*** Done parsing [LT 69 ms, PT 25 ms] ***
*** Total number of lines [13] ***
*** Error: SYSTEM_VERILOG_2012: Unexpected token 'end'
    at line 11 in C:\Users\User\Documents\smart-lighting-system\smart-lighting-system\src\modules\controladora.sv:11 [compile index 1][invocation 1]
*** Error: SYSTEM_VERILOG_2012: Unexpected token 'module'
    at line 1 in C:\Users\User\Documents\smart-lighting-system\smart-lighting-system\src\modules\maquina_principal.sv:1 [compile index 2][invocation 1]
Performing post full build actions ...
Performing post full build step 1 (SRI) [1 ms] ...
Performing post full build step 2 (RI) [2 ms] ...
Performing post full build step 3 (RCP) [0 ms] ...
*** Files summary [2 total, 7 unique, 0 optimized] ***
*** Done SystemVerilog build [376 ms] ***

*** Start mixed mode extension build ***
Performing mixed post full build step (VLOG - RI) [1 ms] ...
*** Warning: UNSPECIFIED_TOP: Please specify a -top module/entity/configuration in the project build file
Performing mixed post full build step (MIXED - ELAB) [29 ms] ...
Performing mixed post full build step (MIXED - UNEL) [67 ms] ...
*** Warning: UNELABORATED_MODULE: Module 'work.controladora' is not elaborated
    at line 1 in C:\Users\User\Documents\smart-lighting-system\smart-lighting-system\src\modules\controladora.sv:1 [compile index 1]
Performing mixed post full build step (VLOG - RD) [0 ms] ...
Performing mixed post full build step (VLOG - US) [67 ms] ...
*** Warning: PARAMETER_NEVER_USED: Parameter 'DEBOUNCE_P' is never used
    at line 2 in C:\Users\User\Documents\smart-lighting-system\smart-lighting-system\src\modules\controladora.sv:2 [compile index 1]
*** Warning: PARAMETER_NEVER_USED: Parameter 'SWITCH_MODE_MIN_T' is never used
    at line 3 in C:\Users\User\Documents\smart-lighting-system\smart-lighting-system\src\modules\controladora.sv:3 [compile index 1]
*** Warning: PARAMETER_NEVER_USED: Parameter 'AUTO_SHUTDOWN_T' is never used
    at line 4 in C:\Users\User\Documents\smart-lighting-system\smart-lighting-system\src\modules\controladora.sv:4 [compile index 1]
*** Warning: SIGNAL_NEVER_USED: Signal 'clk' is never used
    at line 6 in C:\Users\User\Documents\smart-lighting-system\smart-lighting-system\src\modules\controladora.sv:6 [compile index 1]
*** Warning: SIGNAL_NEVER_USED: Signal 'rst' is never used
    at line 6 in C:\Users\User\Documents\smart-lighting-system\smart-lighting-system\src\modules\controladora.sv:6 [compile index 1]
*** Warning: SIGNAL_NEVER_USED: Signal 'inframervelho' is never used
    at line 7 in C:\Users\User\Documents\smart-lighting-system\smart-lighting-system\src\modules\controladora.sv:7 [compile index 1]
*** Warning: SIGNAL_NEVER_USED: Signal 'push_button' is never used
    at line 7 in C:\Users\User\Documents\smart-lighting-system\smart-lighting-system\src\modules\controladora.sv:7 [compile index 1]
*** Warning: SIGNAL_NEVER_USED: Signal 'led' is never used
    at line 8 in C:\Users\User\Documents\smart-lighting-system\smart-lighting-system\src\modules\controladora.sv:8 [compile index 1]
*** Warning: SIGNAL_NEVER_USED: Signal 'saida' is never used
    at line 8 in C:\Users\User\Documents\smart-lighting-system\smart-lighting-system\src\modules\controladora.sv:8 [compile index 1]
*** Done mixed mode extension build [190 ms] ***
*** Total build time [1s.363ms] ***
